This before getting login page instance
User logged in successfully
This before getting login page instance
User logged in successfully
This before getting login page instance
Before entering user name
After entering user name
After entering password
User logged in successfully
Veryfying round trip radio button
checking round trip radio button is checked or not checked
Veryfying round trip radio button
checking round trip radio button is checked or not checked
Veryfying round trip radio button
checking round trip radio button is checked or not checked
Veryfying round trip radio button
checking round trip radio button is checked or not checked
This before getting login page instance
Before entering user name
After entering user name
After entering password
User logged in successfully
This before getting login page instance
Before entering user name
After entering user name
After entering password
User logged in successfully
This before getting login page instance
Before entering user name
After entering user name
After entering password
User logged in successfully
This before getting login page instance
Before entering user name
After entering user name
After entering password
User logged in successfully
This before getting login page instance
Before entering user name
After entering user name
After entering password
User logged in successfully
This before getting login page instance
Before entering user name
After entering user name
After entering password
User logged in successfully
This before getting login page instance
Before entering user name
After entering user name
After entering password
User logged in successfully
Veryfying round trip radio button
checking round trip radio button is checked or not checked
This before getting login page instance
Before entering user name
After entering user name
After entering password
User logged in successfully
Veryfying round trip radio button
checking round trip radio button is checked or not checked
This before getting login page instance
Before entering user name
After entering user name
After entering password
User logged in successfully
This before getting login page instance
Before entering user name
After entering user name
After entering password
User logged in successfully
This before getting login page instance
Before entering user name
After entering user name
After entering password
User logged in successfully
This before getting login page instance
Before entering user name
After entering user name
After entering password
User logged in successfully
This before getting login page instance
Before entering user name
After entering user name
After entering password
User logged in successfully
This before getting login page instance
Before entering user name
After entering user name
After entering password
User logged in successfully
This before getting login page instance
Before entering user name
After entering user name
After entering password
User logged in successfully
This before getting login page instance
Before entering user name
After entering user name
After entering password
User logged in successfully
This before getting login page instance
Before entering user name
After entering user name
After entering password
User logged in successfully
This before getting login page instance
Before entering user name
After entering user name
After entering password
User logged in successfully
This before getting login page instance
Before entering user name
After entering user name
After entering password
User logged in successfully
Veryfying round trip radio button
checking round trip radio button is checked or not checked
This before getting login page instance
Before entering user name
After entering user name
After entering password
User logged in successfully
Veryfying round trip radio button
checking round trip radio button is checked or not checked
This before getting login page instance
Before entering user name
After entering user name
After entering password
User logged in successfully
Veryfying round trip radio button
checking round trip radio button is checked or not checked
This before getting login page instance
Before entering user name
After entering user name
After entering password
User logged in successfully
Veryfying round trip radio button
checking round trip radio button is checked or not checked
